\BOOKMARK [0][-]{chapter*.2}{\376\377\000E\000l\000e\000n\000c\000o\000\040\000d\000e\000l\000l\000e\000\040\000f\000i\000g\000u\000r\000e}{}% 1
\BOOKMARK [0][-]{chapter.3}{\376\377\0001\000\040\000I\000n\000t\000r\000o\000d\000u\000z\000i\000o\000n\000e}{}% 2
\BOOKMARK [0][-]{chapter.4}{\376\377\0002\000\040\000P\000r\000o\000b\000l\000e\000m\000a\000t\000i\000c\000h\000e}{}% 3
\BOOKMARK [1][-]{section.5}{\376\377\0002\000.\0001\000\040\000S\000c\000e\000l\000t\000a\000\040\000d\000e\000l\000\040\000t\000i\000p\000o\000\040\000d\000i\000\040\000s\000i\000m\000u\000l\000a\000z\000i\000o\000n\000e}{chapter.4}% 4
\BOOKMARK [1][-]{section.6}{\376\377\0002\000.\0002\000\040\000G\000e\000s\000t\000i\000o\000n\000e\000\040\000d\000e\000l\000\040\000t\000e\000m\000p\000o}{chapter.4}% 5
\BOOKMARK [1][-]{section.7}{\376\377\0002\000.\0003\000\040\000R\000a\000p\000p\000r\000e\000s\000e\000n\000t\000a\000z\000i\000o\000n\000e\000\040\000d\000e\000l\000l\000e\000\040\000c\000o\000m\000p\000o\000n\000e\000n\000t\000i\000\040\000d\000i\000\040\000g\000a\000r\000a}{chapter.4}% 6
\BOOKMARK [1][-]{section.8}{\376\377\0002\000.\0004\000\040\000D\000e\000t\000e\000r\000m\000i\000n\000i\000s\000m\000o}{chapter.4}% 7
\BOOKMARK [1][-]{section.9}{\376\377\0002\000.\0005\000\040\000C\000o\000n\000c\000o\000r\000r\000e\000n\000z\000a}{chapter.4}% 8
\BOOKMARK [2][-]{subsection.10}{\376\377\0002\000.\0005\000.\0001\000\040\000S\000t\000a\000l\000l\000i}{section.9}% 9
\BOOKMARK [2][-]{subsection.11}{\376\377\0002\000.\0005\000.\0002\000\040\000S\000o\000r\000p\000a\000s\000s\000i\000\040\000f\000i\000s\000i\000c\000a\000m\000e\000n\000t\000e\000\040\000i\000m\000p\000o\000s\000s\000i\000b\000i\000l\000i}{section.9}% 10
\BOOKMARK [1][-]{section.12}{\376\377\0002\000.\0006\000\040\000D\000i\000s\000t\000r\000i\000b\000u\000z\000i\000o\000n\000e}{chapter.4}% 11
\BOOKMARK [0][-]{chapter.13}{\376\377\0003\000\040\000A\000n\000a\000l\000i\000s\000i\000\040\000d\000e\000l\000l\000a\000\040\000s\000o\000l\000u\000z\000i\000o\000n\000e}{}% 12
\BOOKMARK [1][-]{section.14}{\376\377\0003\000.\0001\000\040\000S\000c\000e\000l\000t\000a\000\040\000d\000e\000l\000\040\000t\000i\000p\000o\000\040\000d\000i\000\040\000s\000i\000m\000u\000l\000a\000z\000i\000o\000n\000e}{chapter.13}% 13
\BOOKMARK [1][-]{section.15}{\376\377\0003\000.\0002\000\040\000G\000e\000s\000t\000i\000o\000n\000e\000\040\000d\000e\000l\000\040\000t\000e\000m\000p\000o}{chapter.13}% 14
\BOOKMARK [1][-]{section.16}{\376\377\0003\000.\0003\000\040\000R\000a\000p\000p\000r\000e\000s\000e\000n\000t\000a\000z\000i\000o\000n\000e\000\040\000d\000e\000l\000l\000e\000\040\000c\000o\000m\000p\000o\000n\000e\000n\000t\000i\000\040\000d\000i\000\040\000g\000a\000r\000a}{chapter.13}% 15
\BOOKMARK [0][-]{chapter.17}{\376\377\0004\000\040\000A\000n\000a\000l\000i\000s\000i\000\040\000d\000e\000l\000l\000a\000\040\000c\000o\000n\000c\000o\000r\000r\000e\000n\000z\000a}{}% 16
\BOOKMARK [1][-]{section.18}{\376\377\0004\000.\0001\000\040\000D\000e\000t\000e\000r\000m\000i\000n\000i\000s\000m\000o}{chapter.17}% 17
\BOOKMARK [1][-]{section.19}{\376\377\0004\000.\0002\000\040\000N\000o\000n\000\040\000d\000e\000t\000e\000r\000m\000i\000n\000i\000s\000m\000o}{chapter.17}% 18
\BOOKMARK [1][-]{section.20}{\376\377\0004\000.\0003\000\040\000S\000t\000a\000l\000l\000i}{chapter.17}% 19
\BOOKMARK [1][-]{section.21}{\376\377\0004\000.\0004\000\040\000S\000o\000r\000p\000a\000s\000s\000i\000\040\000f\000i\000s\000i\000c\000a\000m\000e\000n\000t\000e\000\040\000i\000m\000p\000o\000s\000s\000i\000b\000i\000l\000i}{chapter.17}% 20
\BOOKMARK [0][-]{chapter.22}{\376\377\0005\000\040\000A\000n\000a\000l\000i\000s\000i\000\040\000d\000e\000l\000l\000a\000\040\000d\000i\000s\000t\000r\000i\000b\000u\000z\000i\000o\000n\000e}{}% 21
\BOOKMARK [1][-]{section.23}{\376\377\0005\000.\0001\000\040\000E\000l\000e\000m\000e\000n\000t\000i}{chapter.22}% 22
\BOOKMARK [1][-]{section.25}{\376\377\0005\000.\0002\000\040\000T\000i\000p\000o\000\040\000d\000i\000\040\000c\000o\000m\000u\000n\000i\000c\000a\000z\000i\000o\000n\000e}{chapter.22}% 23
\BOOKMARK [1][-]{section.26}{\376\377\0005\000.\0003\000\040\000C\000o\000m\000u\000n\000i\000c\000a\000z\000i\000o\000n\000e\000\040\000d\000e\000l\000\040\000C\000o\000r\000e}{chapter.22}% 24
\BOOKMARK [1][-]{section.27}{\376\377\0005\000.\0004\000\040\000C\000o\000m\000u\000n\000i\000c\000a\000z\000i\000o\000n\000e\000\040\000d\000e\000l\000l\040\031\000i\000n\000t\000e\000r\000m\000e\000d\000i\000a\000r\000i\000o}{chapter.22}% 25
\BOOKMARK [1][-]{section.28}{\376\377\0005\000.\0005\000\040\000C\000o\000m\000u\000n\000i\000c\000a\000z\000i\000o\000n\000e\000\040\000d\000e\000l\000\040\000m\000o\000n\000i\000t\000o\000r}{chapter.22}% 26
\BOOKMARK [1][-]{section.29}{\376\377\0005\000.\0006\000\040\000C\000o\000m\000u\000n\000i\000c\000a\000z\000i\000o\000n\000e\000\040\000d\000e\000l\000\040\000C\000o\000n\000t\000r\000o\000l\000l\000e\000r}{chapter.22}% 27
\BOOKMARK [1][-]{section.30}{\376\377\0005\000.\0007\000\040\000A\000v\000v\000i\000o\000\040\000e\000\040\000c\000h\000i\000u\000s\000u\000r\000a\000\040\000d\000e\000l\000\040\000s\000i\000s\000t\000e\000m\000a}{chapter.22}% 28
\BOOKMARK [0][-]{chapter.31}{\376\377\0006\000\040\000S\000o\000l\000u\000z\000i\000o\000n\000e\000\040\000p\000r\000o\000p\000o\000s\000t\000a}{}% 29
\BOOKMARK [1][-]{section.32}{\376\377\0006\000.\0001\000\040\000L\000i\000n\000g\000u\000a\000g\000g\000i}{chapter.31}% 30
\BOOKMARK [1][-]{section.33}{\376\377\0006\000.\0002\000\040\000C\000o\000m\000p\000o\000n\000e\000n\000t\000i\000\040\000a\000d\000\040\000a\000l\000t\000o\000\040\000l\000i\000v\000e\000l\000l\000o}{chapter.31}% 31
\BOOKMARK [2][-]{subsection.35}{\376\377\0006\000.\0002\000.\0001\000\040\000C\000i\000r\000c\000u\000i\000t\000o}{section.33}% 32
\BOOKMARK [2][-]{subsection.36}{\376\377\0006\000.\0002\000.\0002\000\040\000A\000r\000b\000i\000t\000r\000o}{section.33}% 33
\BOOKMARK [2][-]{subsection.37}{\376\377\0006\000.\0002\000.\0003\000\040\000C\000a\000r}{section.33}% 34
\BOOKMARK [2][-]{subsection.38}{\376\377\0006\000.\0002\000.\0004\000\040\000R\000a\000c\000c\000o\000g\000l\000i\000t\000o\000r\000e\000\040\000d\000i\000\040\000e\000v\000e\000n\000t\000i}{section.33}% 35
\BOOKMARK [2][-]{subsection.39}{\376\377\0006\000.\0002\000.\0005\000\040\000I\000n\000t\000e\000r\000m\000e\000d\000i\000a\000r\000i\000o}{section.33}% 36
\BOOKMARK [2][-]{subsection.40}{\376\377\0006\000.\0002\000.\0006\000\040\000M\000o\000n\000i\000t\000o\000r}{section.33}% 37
\BOOKMARK [2][-]{subsection.41}{\376\377\0006\000.\0002\000.\0007\000\040\000C\000o\000n\000t\000r\000o\000l\000l\000e\000r}{section.33}% 38
\BOOKMARK [1][-]{section.42}{\376\377\0006\000.\0003\000\040\000I\000m\000p\000l\000e\000m\000e\000n\000t\000a\000z\000i\000o\000n\000e\000\040\000n\000e\000l\000\040\000d\000e\000t\000t\000a\000g\000l\000i\000o}{chapter.31}% 39
\BOOKMARK [2][-]{subsection.44}{\376\377\0006\000.\0003\000.\0001\000\040\000C\000i\000r\000c\000u\000i\000t}{section.42}% 40
\BOOKMARK [2][-]{subsection.45}{\376\377\0006\000.\0003\000.\0002\000\040\000R\000e\000f\000e\000r\000e\000e}{section.42}% 41
\BOOKMARK [2][-]{subsection.47}{\376\377\0006\000.\0003\000.\0003\000\040\000C\000a\000r}{section.42}% 42
\BOOKMARK [2][-]{subsection.49}{\376\377\0006\000.\0003\000.\0004\000\040\000E\000v\000e\000n\000t\000\040\000B\000u\000c\000k\000e\000t}{section.42}% 43
\BOOKMARK [2][-]{subsection.50}{\376\377\0006\000.\0003\000.\0005\000\040\000P\000u\000b\000l\000i\000s\000h\000e\000r}{section.42}% 44
\BOOKMARK [2][-]{subsection.51}{\376\377\0006\000.\0003\000.\0006\000\040\000B\000r\000o\000k\000e\000r}{section.42}% 45
\BOOKMARK [2][-]{subsection.53}{\376\377\0006\000.\0003\000.\0007\000\040\000M\000o\000n\000i\000t\000o\000r}{section.42}% 46
\BOOKMARK [2][-]{subsection.55}{\376\377\0006\000.\0003\000.\0008\000\040\000C\000o\000n\000t\000r\000o\000l\000l\000e\000r}{section.42}% 47
\BOOKMARK [2][-]{subsection.57}{\376\377\0006\000.\0003\000.\0009\000\040\000E\000v\000e\000n\000t\000i}{section.42}% 48
\BOOKMARK [2][-]{subsection.58}{\376\377\0006\000.\0003\000.\0001\0000\000\040\000S\000n\000a\000p\000s\000h\000o\000t}{section.42}% 49
\BOOKMARK [0][-]{chapter.59}{\376\377\0007\000\040\000C\000o\000p\000e\000r\000t\000u\000r\000a\000\040\000d\000e\000i\000\040\000r\000e\000q\000u\000i\000s\000i\000t\000i}{}% 50
\BOOKMARK [0][-]{chapter.60}{\376\377\0008\000\040\000C\000o\000n\000o\000s\000c\000e\000n\000z\000e\000\040\000a\000p\000p\000r\000e\000s\000e}{}% 51
\BOOKMARK [0][-]{chapter.61}{\376\377\0009\000\040\000C\000o\000n\000f\000i\000g\000u\000r\000a\000z\000i\000o\000n\000e\000\040\000e\000d\000\040\000u\000t\000i\000l\000i\000z\000z\000o}{}% 52
