\BOOKMARK [0][-]{chapter*.2}{\376\377\000E\000l\000e\000n\000c\000o\000\040\000d\000e\000l\000l\000e\000\040\000f\000i\000g\000u\000r\000e}{}% 1
\BOOKMARK [0][-]{chapter.3}{\376\377\0001\000\040\000I\000n\000t\000r\000o\000d\000u\000z\000i\000o\000n\000e}{}% 2
\BOOKMARK [0][-]{chapter.4}{\376\377\0002\000\040\000O\000v\000e\000r\000v\000i\000e\000w}{}% 3
\BOOKMARK [0][-]{chapter.6}{\376\377\0003\000\040\000P\000r\000o\000b\000l\000e\000m\000i\000\040\000e\000d\000\040\000a\000n\000a\000l\000i\000s\000i\000\040\000d\000e\000l\000l\000e\000\040\000s\000o\000l\000u\000z\000i\000o\000n\000i}{}% 4
\BOOKMARK [1][-]{section.7}{\376\377\0003\000.\0001\000\040\000S\000c\000e\000l\000t\000a\000\040\000d\000e\000l\000\040\000t\000i\000p\000o\000\040\000d\000i\000\040\000s\000i\000m\000u\000l\000a\000z\000i\000o\000n\000e}{chapter.6}% 5
\BOOKMARK [1][-]{section.8}{\376\377\0003\000.\0002\000\040\000G\000e\000s\000t\000i\000o\000n\000e\000\040\000d\000e\000l\000\040\000t\000e\000m\000p\000o}{chapter.6}% 6
\BOOKMARK [1][-]{section.9}{\376\377\0003\000.\0003\000\040\000C\000i\000r\000c\000u\000i\000t\000o}{chapter.6}% 7
\BOOKMARK [1][-]{section.10}{\376\377\0003\000.\0004\000\040\000V\000e\000i\000c\000o\000l\000i}{chapter.6}% 8
\BOOKMARK [0][-]{chapter.11}{\376\377\0004\000\040\000A\000n\000a\000l\000i\000s\000i\000\040\000d\000e\000l\000l\000a\000\040\000c\000o\000n\000c\000o\000r\000r\000e\000n\000z\000a}{}% 9
\BOOKMARK [1][-]{section.12}{\376\377\0004\000.\0001\000\040\000D\000e\000t\000e\000r\000m\000i\000n\000i\000s\000m\000o}{chapter.11}% 10
\BOOKMARK [1][-]{section.13}{\376\377\0004\000.\0002\000\040\000N\000o\000n\000\040\000d\000e\000t\000e\000r\000m\000i\000n\000i\000s\000m\000o}{chapter.11}% 11
\BOOKMARK [1][-]{section.14}{\376\377\0004\000.\0003\000\040\000S\000t\000a\000l\000l\000i}{chapter.11}% 12
\BOOKMARK [1][-]{section.15}{\376\377\0004\000.\0004\000\040\000A\000t\000t\000r\000a\000v\000e\000r\000s\000a\000m\000e\000n\000t\000o\000\040\000d\000e\000i\000\040\000s\000e\000g\000m\000e\000n\000t\000i}{chapter.11}% 13
\BOOKMARK [0][-]{chapter.16}{\376\377\0005\000\040\000A\000n\000a\000l\000i\000s\000i\000\040\000d\000e\000l\000l\000a\000\040\000d\000i\000s\000t\000r\000i\000b\000u\000z\000i\000o\000n\000e}{}% 14
\BOOKMARK [1][-]{section.17}{\376\377\0005\000.\0001\000\040\000E\000l\000e\000m\000e\000n\000t\000i}{chapter.16}% 15
\BOOKMARK [1][-]{section.18}{\376\377\0005\000.\0002\000\040\000T\000i\000p\000o\000\040\000d\000i\000\040\000c\000o\000m\000u\000n\000i\000c\000a\000z\000i\000o\000n\000e}{chapter.16}% 16
\BOOKMARK [1][-]{section.19}{\376\377\0005\000.\0003\000\040\000C\000o\000m\000u\000n\000i\000c\000a\000z\000i\000o\000n\000e\000\040\000d\000e\000l\000\040\000C\000o\000r\000e}{chapter.16}% 17
\BOOKMARK [1][-]{section.20}{\376\377\0005\000.\0004\000\040\000C\000o\000m\000u\000n\000i\000c\000a\000z\000i\000o\000n\000e\000\040\000d\000e\000l\000l\040\031\000i\000n\000t\000e\000r\000m\000e\000d\000i\000a\000r\000i\000o}{chapter.16}% 18
\BOOKMARK [1][-]{section.21}{\376\377\0005\000.\0005\000\040\000C\000o\000m\000u\000n\000i\000c\000a\000z\000i\000o\000n\000e\000\040\000d\000e\000l\000\040\000m\000o\000n\000i\000t\000o\000r}{chapter.16}% 19
\BOOKMARK [1][-]{section.22}{\376\377\0005\000.\0006\000\040\000C\000o\000m\000u\000n\000i\000c\000a\000z\000i\000o\000n\000e\000\040\000d\000e\000l\000\040\000C\000o\000n\000t\000r\000o\000l\000l\000e\000r}{chapter.16}% 20
\BOOKMARK [1][-]{section.23}{\376\377\0005\000.\0007\000\040\000A\000v\000v\000i\000o\000\040\000e\000\040\000c\000h\000i\000u\000s\000u\000r\000a\000\040\000d\000e\000l\000\040\000s\000i\000s\000t\000e\000m\000a}{chapter.16}% 21
\BOOKMARK [0][-]{chapter.24}{\376\377\0006\000\040\000S\000o\000l\000u\000z\000i\000o\000n\000e\000\040\000p\000r\000o\000p\000o\000s\000t\000a}{}% 22
\BOOKMARK [1][-]{section.25}{\376\377\0006\000.\0001\000\040\000L\000i\000n\000g\000u\000a\000g\000g\000i}{chapter.24}% 23
\BOOKMARK [1][-]{section.26}{\376\377\0006\000.\0002\000\040\000C\000o\000m\000p\000o\000n\000e\000n\000t\000i\000\040\000a\000d\000\040\000a\000l\000t\000o\000\040\000l\000i\000v\000e\000l\000l\000o}{chapter.24}% 24
\BOOKMARK [2][-]{subsection.28}{\376\377\0006\000.\0002\000.\0001\000\040\000C\000i\000r\000c\000u\000i\000t\000o}{section.26}% 25
\BOOKMARK [2][-]{subsection.29}{\376\377\0006\000.\0002\000.\0002\000\040\000A\000r\000b\000i\000t\000r\000o}{section.26}% 26
\BOOKMARK [2][-]{subsection.30}{\376\377\0006\000.\0002\000.\0003\000\040\000M\000a\000c\000c\000h\000i\000n\000a}{section.26}% 27
\BOOKMARK [2][-]{subsection.31}{\376\377\0006\000.\0002\000.\0004\000\040\000R\000a\000c\000c\000o\000g\000l\000i\000t\000o\000r\000e\000\040\000d\000i\000\040\000e\000v\000e\000n\000t\000i}{section.26}% 28
\BOOKMARK [2][-]{subsection.32}{\376\377\0006\000.\0002\000.\0005\000\040\000I\000n\000t\000e\000r\000m\000e\000d\000i\000a\000r\000i\000o}{section.26}% 29
\BOOKMARK [2][-]{subsection.33}{\376\377\0006\000.\0002\000.\0006\000\040\000M\000o\000n\000i\000t\000o\000r}{section.26}% 30
\BOOKMARK [2][-]{subsection.34}{\376\377\0006\000.\0002\000.\0007\000\040\000C\000o\000n\000t\000r\000o\000l\000l\000e\000r}{section.26}% 31
\BOOKMARK [1][-]{section.35}{\376\377\0006\000.\0003\000\040\000I\000m\000p\000l\000e\000m\000e\000n\000t\000a\000z\000i\000o\000n\000e\000\040\000n\000e\000l\000\040\000d\000e\000t\000t\000a\000g\000l\000i\000o}{chapter.24}% 32
\BOOKMARK [2][-]{subsection.36}{\376\377\0006\000.\0003\000.\0001\000\040\000C\000i\000r\000c\000u\000i\000t}{section.35}% 33
\BOOKMARK [2][-]{subsection.37}{\376\377\0006\000.\0003\000.\0002\000\040\000C\000a\000r}{section.35}% 34
\BOOKMARK [2][-]{subsection.38}{\376\377\0006\000.\0003\000.\0003\000\040\000R\000e\000f\000e\000r\000e\000e}{section.35}% 35
\BOOKMARK [2][-]{subsection.39}{\376\377\0006\000.\0003\000.\0004\000\040\000E\000v\000e\000n\000t\000\040\000B\000u\000c\000k\000e\000t}{section.35}% 36
\BOOKMARK [2][-]{subsection.40}{\376\377\0006\000.\0003\000.\0005\000\040\000P\000u\000b\000l\000i\000s\000h\000e\000r}{section.35}% 37
\BOOKMARK [2][-]{subsection.41}{\376\377\0006\000.\0003\000.\0006\000\040\000B\000r\000o\000k\000e\000r}{section.35}% 38
\BOOKMARK [2][-]{subsection.42}{\376\377\0006\000.\0003\000.\0007\000\040\000M\000o\000n\000i\000t\000o\000r}{section.35}% 39
\BOOKMARK [2][-]{subsection.44}{\376\377\0006\000.\0003\000.\0008\000\040\000C\000o\000n\000t\000r\000o\000l\000l\000e\000r}{section.35}% 40
\BOOKMARK [2][-]{subsection.46}{\376\377\0006\000.\0003\000.\0009\000\040\000E\000v\000e\000n\000t\000i}{section.35}% 41
\BOOKMARK [2][-]{subsection.47}{\376\377\0006\000.\0003\000.\0001\0000\000\040\000S\000n\000a\000p\000s\000h\000o\000t}{section.35}% 42
\BOOKMARK [0][-]{chapter.48}{\376\377\0007\000\040\000C\000o\000p\000e\000r\000t\000u\000r\000a\000\040\000d\000e\000i\000\040\000r\000e\000q\000u\000i\000s\000i\000t\000i}{}% 43
\BOOKMARK [0][-]{chapter.49}{\376\377\0008\000\040\000C\000o\000n\000o\000s\000c\000e\000n\000z\000e\000\040\000a\000p\000p\000r\000e\000s\000e}{}% 44
\BOOKMARK [0][-]{chapter.50}{\376\377\0009\000\040\000C\000o\000n\000f\000i\000g\000u\000r\000a\000z\000i\000o\000n\000e\000\040\000e\000d\000\040\000u\000t\000i\000l\000i\000z\000z\000o}{}% 45
